<?xml version="1.0" encoding="UTF-8"?>
<testsuite name="Test" tests="2" skipped="0" failures="0" errors="0" timestamp="2020-02-14T23:51:28" hostname="Davids-Macbook-Pro.local" time="0.005">
  <properties/>
  <testcase name="testNegative" classname="Test" time="0.004"/>
  <testcase name="testLargeNumber" classname="Test" time="0.001"/>
  <system-out><![CDATA[]]></system-out>
  <system-err><![CDATA[]]></system-err>
</testsuite>
