<?xml version="1.0" encoding="UTF-8"?>
<testsuite name="TestSealedClasses" tests="3" skipped="0" failures="0" errors="0" timestamp="2020-02-15T00:35:56" hostname="Davids-Macbook-Pro.local" time="0.008">
  <properties/>
  <testcase name="testNum" classname="TestSealedClasses" time="0.004"/>
  <testcase name="testSum" classname="TestSealedClasses" time="0.001"/>
  <testcase name="testRecursion" classname="TestSealedClasses" time="0.002"/>
  <system-out><![CDATA[]]></system-out>
  <system-err><![CDATA[]]></system-err>
</testsuite>
