<?xml version="1.0" encoding="UTF-8"?>
<testsuite name="TestNamedArguments" tests="1" skipped="0" failures="0" errors="0" timestamp="2020-02-10T07:59:28" hostname="Davids-Macbook-Pro.local" time="0.028">
  <properties/>
  <testcase name="testJoinToString" classname="TestNamedArguments" time="0.028"/>
  <system-out><![CDATA[]]></system-out>
  <system-err><![CDATA[]]></system-err>
</testsuite>
