<?xml version="1.0" encoding="UTF-8"?>
<testsuite name="Test" tests="1" skipped="0" failures="0" errors="0" timestamp="2020-02-15T00:36:35" hostname="Davids-Macbook-Pro.local" time="0.036">
  <properties/>
  <testcase name="testRandom" classname="Test" time="0.036"/>
  <system-out><![CDATA[]]></system-out>
  <system-err><![CDATA[]]></system-err>
</testsuite>
