<?xml version="1.0" encoding="UTF-8"?>
<testsuite name="TestDataClasses" tests="2" skipped="0" failures="0" errors="0" timestamp="2020-02-15T00:32:02" hostname="Davids-Macbook-Pro.local" time="0.02">
  <properties/>
  <testcase name="testComparePeople" classname="TestDataClasses" time="0.006"/>
  <testcase name="testListOfPeople" classname="TestDataClasses" time="0.013"/>
  <system-out><![CDATA[]]></system-out>
  <system-err><![CDATA[]]></system-err>
</testsuite>
