<?xml version="1.0" encoding="UTF-8"?>
<testsuite name="TestForLoop" tests="2" skipped="0" failures="0" errors="0" timestamp="2020-02-17T09:05:11" hostname="Davids-Macbook-Pro.local" time="0.042">
  <properties/>
  <testcase name="testIterateOverDateRange" classname="TestForLoop" time="0.041"/>
  <testcase name="testIterateOverEmptyRange" classname="TestForLoop" time="0.001"/>
  <system-out><![CDATA[]]></system-out>
  <system-err><![CDATA[]]></system-err>
</testsuite>
